2018/08/19 22:41:12 Main.py[line:30] INFO 愿意出最大价钱的买家是 CoinEx 价格为 6445.78，最便宜的价格就卖的卖家是 CoinEx 价格为 6451.13，差价比例为：-0.000829312074008796
2018/08/19 22:41:12 Main.py[line:35] INFO 机会没出现，等一下吧！！！！
2018/08/19 22:41:19 Main.py[line:30] INFO 愿意出最大价钱的买家是 CoinEx 价格为 6448.18，最便宜的价格就卖的卖家是 CoinEx 价格为 6449.53，差价比例为：-0.00020931757818003086
2018/08/19 22:41:19 Main.py[line:35] INFO 机会没出现，等一下吧！！！！
2018/08/19 22:41:21 Main.py[line:30] INFO 愿意出最大价钱的买家是 CoinEx 价格为 6447.16，最便宜的价格就卖的卖家是 CoinEx 价格为 6449.53，差价比例为：-0.00036746863724951913
2018/08/19 22:41:21 Main.py[line:35] INFO 机会没出现，等一下吧！！！！
2018/08/19 22:41:27 Main.py[line:30] INFO 愿意出最大价钱的买家是 CoinEx 价格为 6447.16，最便宜的价格就卖的卖家是 CoinEx 价格为 6449.53，差价比例为：-0.00036746863724951913
2018/08/19 22:41:27 Main.py[line:35] INFO 机会没出现，等一下吧！！！！
2018/08/19 22:41:31 Main.py[line:30] INFO 愿意出最大价钱的买家是 CoinEx 价格为 6447.16，最便宜的价格就卖的卖家是 CoinEx 价格为 6449.53，差价比例为：-0.00036746863724951913
2018/08/19 22:41:31 Main.py[line:35] INFO 机会没出现，等一下吧！！！！
2018/08/19 22:41:34 Main.py[line:30] INFO 愿意出最大价钱的买家是 CoinEx 价格为 6447.67，最便宜的价格就卖的卖家是 CoinEx 价格为 6449.52，差价比例为：-0.0002868430518860882
2018/08/19 22:41:34 Main.py[line:35] INFO 机会没出现，等一下吧！！！！
2018/08/19 22:41:37 Main.py[line:30] INFO 愿意出最大价钱的买家是 CoinEx 价格为 6447.16，最便宜的价格就卖的卖家是 CoinEx 价格为 6449.53，差价比例为：-0.00036746863724951913
2018/08/19 22:41:37 Main.py[line:35] INFO 机会没出现，等一下吧！！！！
2018/08/19 22:41:43 Main.py[line:30] INFO 愿意出最大价钱的买家是 OkEx 价格为 6448.385，最便宜的价格就卖的卖家是 CoinEx 价格为 6449.5，差价比例为：-0.00017288161873010028
2018/08/19 22:41:43 Main.py[line:35] INFO 机会没出现，等一下吧！！！！
2018/08/19 22:41:46 Main.py[line:30] INFO 愿意出最大价钱的买家是 OkEx 价格为 6448.63，最便宜的价格就卖的卖家是 CoinEx 价格为 6449.5，差价比例为：-0.00013489417784322673
2018/08/19 22:41:46 Main.py[line:35] INFO 机会没出现，等一下吧！！！！
2018/08/19 22:41:50 Main.py[line:30] INFO 愿意出最大价钱的买家是 OkEx 价格为 6448.0628，最便宜的价格就卖的卖家是 CoinEx 价格为 6449.52，差价比例为：-0.0002259392947073176
2018/08/19 22:41:50 Main.py[line:35] INFO 机会没出现，等一下吧！！！！
2018/08/19 22:41:54 Main.py[line:30] INFO 愿意出最大价钱的买家是 OkEx 价格为 6448.63，最便宜的价格就卖的卖家是 CoinEx 价格为 6449.52，差价比例为：-0.00013799476550197957
2018/08/19 22:41:54 Main.py[line:35] INFO 机会没出现，等一下吧！！！！
2018/08/19 22:41:57 Main.py[line:30] INFO 愿意出最大价钱的买家是 OkEx 价格为 6449.1728，最便宜的价格就卖的卖家是 CoinEx 价格为 6449.61，差价比例为：-6.77870444878672e-05
2018/08/19 22:41:57 Main.py[line:35] INFO 机会没出现，等一下吧！！！！
2018/08/19 22:42:00 Main.py[line:30] INFO 愿意出最大价钱的买家是 OkEx 价格为 6449.0166，最便宜的价格就卖的卖家是 CoinEx 价格为 6450.51，差价比例为：-0.00023151657775901324
2018/08/19 22:42:00 Main.py[line:35] INFO 机会没出现，等一下吧！！！！
2018/08/19 22:42:04 Main.py[line:30] INFO 愿意出最大价钱的买家是 CoinEx 价格为 6449.34，最便宜的价格就卖的卖家是 OkEx 价格为 6455.7948，差价比例为：-0.0009998459058828083
2018/08/19 22:42:04 Main.py[line:35] INFO 机会没出现，等一下吧！！！！
2018/08/19 22:42:07 Main.py[line:30] INFO 愿意出最大价钱的买家是 OkEx 价格为 6449.8，最便宜的价格就卖的卖家是 CoinEx 价格为 6455.89，差价比例为：-0.0009433246229412436
2018/08/19 22:42:07 Main.py[line:35] INFO 机会没出现，等一下吧！！！！
2018/08/19 22:42:11 Main.py[line:30] INFO 愿意出最大价钱的买家是 CoinEx 价格为 6449.44，最便宜的价格就卖的卖家是 CoinEx 价格为 6455.68，差价比例为：-0.0009665906612472568
2018/08/19 22:42:11 Main.py[line:35] INFO 机会没出现，等一下吧！！！！
2018/08/19 22:42:15 Main.py[line:30] INFO 愿意出最大价钱的买家是 CoinEx 价格为 6449.34，最便宜的价格就卖的卖家是 CoinEx 价格为 6455.68，差价比例为：-0.0009820808962030562
2018/08/19 22:42:15 Main.py[line:35] INFO 机会没出现，等一下吧！！！！
2018/08/19 22:42:19 Main.py[line:30] INFO 愿意出最大价钱的买家是 OkEx 价格为 6449.7161，最便宜的价格就卖的卖家是 CoinEx 价格为 6454.23，差价比例为：-0.0006993708002348726
2018/08/19 22:42:19 Main.py[line:35] INFO 机会没出现，等一下吧！！！！
2018/08/19 22:42:22 Main.py[line:30] INFO 愿意出最大价钱的买家是 OkEx 价格为 6449.7161，最便宜的价格就卖的卖家是 CoinEx 价格为 6455.68，差价比例为：-0.0009238221225340551
2018/08/19 22:42:22 Main.py[line:35] INFO 机会没出现，等一下吧！！！！
2018/08/19 22:42:25 Main.py[line:30] INFO 愿意出最大价钱的买家是 OkEx 价格为 6449.8857，最便宜的价格就卖的卖家是 CoinEx 价格为 6455.68，差价比例为：-0.0008975506840488494
2018/08/19 22:42:25 Main.py[line:35] INFO 机会没出现，等一下吧！！！！
2018/08/19 22:42:29 Main.py[line:30] INFO 愿意出最大价钱的买家是 OkEx 价格为 6450.1004，最便宜的价格就卖的卖家是 CoinEx 价格为 6455.68，差价比例为：-0.0008642931495984974
2018/08/19 22:42:29 Main.py[line:35] INFO 机会没出现，等一下吧！！！！
2018/08/19 22:42:31 Main.py[line:30] INFO 愿意出最大价钱的买家是 OkEx 价格为 6449.7687，最便宜的价格就卖的卖家是 CoinEx 价格为 6455.68，差价比例为：-0.0009156742589472627
2018/08/19 22:42:31 Main.py[line:35] INFO 机会没出现，等一下吧！！！！
2018/08/19 22:42:34 Main.py[line:30] INFO 愿意出最大价钱的买家是 OkEx 价格为 6450.5371，最便宜的价格就卖的卖家是 CoinEx 价格为 6455.68，差价比例为：-0.0007966472935462625
2018/08/19 22:42:34 Main.py[line:35] INFO 机会没出现，等一下吧！！！！
2018/08/19 22:42:36 Main.py[line:30] INFO 愿意出最大价钱的买家是 OkEx 价格为 6451.7999，最便宜的价格就卖的卖家是 CoinEx 价格为 6455.68，差价比例为：-0.000601036606523296
2018/08/19 22:42:36 Main.py[line:35] INFO 机会没出现，等一下吧！！！！
2018/08/19 22:42:39 Main.py[line:30] INFO 愿意出最大价钱的买家是 OkEx 价格为 6453.28，最便宜的价格就卖的卖家是 CoinEx 价格为 6455.68，差价比例为：-0.00037176563894129595
2018/08/19 22:42:39 Main.py[line:35] INFO 机会没出现，等一下吧！！！！
2018/08/19 22:42:44 Main.py[line:30] INFO 愿意出最大价钱的买家是 OkEx 价格为 6452.3081，最便宜的价格就卖的卖家是 CoinEx 价格为 6455.68，差价比例为：-0.0005223152324774611
2018/08/19 22:42:44 Main.py[line:35] INFO 机会没出现，等一下吧！！！！
2018/08/19 22:42:49 Main.py[line:30] INFO 愿意出最大价钱的买家是 CoinEx 价格为 6450.98，最便宜的价格就卖的卖家是 CoinEx 价格为 6455.68，差价比例为：-0.0007280410429266518
2018/08/19 22:42:49 Main.py[line:35] INFO 机会没出现，等一下吧！！！！
2018/08/19 22:42:52 Main.py[line:30] INFO 愿意出最大价钱的买家是 CoinEx 价格为 6450.98，最便宜的价格就卖的卖家是 CoinEx 价格为 6455.88，差价比例为：-0.0007589979987237287
2018/08/19 22:42:52 Main.py[line:35] INFO 机会没出现，等一下吧！！！！
2018/08/19 22:42:55 Main.py[line:30] INFO 愿意出最大价钱的买家是 CoinEx 价格为 6451.81，最便宜的价格就卖的卖家是 OkEx 价格为 6456.44，差价比例为：-0.0007171134557123121
2018/08/19 22:42:55 Main.py[line:35] INFO 机会没出现，等一下吧！！！！
2018/08/19 22:42:58 Main.py[line:30] INFO 愿意出最大价钱的买家是 CoinEx 价格为 6451.83，最便宜的价格就卖的卖家是 CoinEx 价格为 6455.89，差价比例为：-0.000628883081960876
2018/08/19 22:42:58 Main.py[line:35] INFO 机会没出现，等一下吧！！！！
2018/08/19 22:43:03 Main.py[line:30] INFO 愿意出最大价钱的买家是 CoinEx 价格为 6451.83，最便宜的价格就卖的卖家是 CoinEx 价格为 6455.89，差价比例为：-0.000628883081960876
2018/08/19 22:43:03 Main.py[line:35] INFO 机会没出现，等一下吧！！！！
2018/08/19 22:43:06 Main.py[line:30] INFO 愿意出最大价钱的买家是 CoinEx 价格为 6451.83，最便宜的价格就卖的卖家是 CoinEx 价格为 6455.88，差价比例为：-0.0006273350805777341
2018/08/19 22:43:06 Main.py[line:35] INFO 机会没出现，等一下吧！！！！
2018/08/19 22:43:09 Main.py[line:30] INFO 愿意出最大价钱的买家是 CoinEx 价格为 6451.83，最便宜的价格就卖的卖家是 CoinEx 价格为 6455.68，差价比例为：-0.000596374045801583
2018/08/19 22:43:09 Main.py[line:35] INFO 机会没出现，等一下吧！！！！
2018/08/19 22:43:13 Main.py[line:30] INFO 愿意出最大价钱的买家是 OkEx 价格为 6452.5292，最便宜的价格就卖的卖家是 OkEx 价格为 6458.3232，差价比例为：-0.0008971368915076702
2018/08/19 22:43:13 Main.py[line:35] INFO 机会没出现，等一下吧！！！！
2018/08/19 22:43:17 Main.py[line:30] INFO 愿意出最大价钱的买家是 CoinEx 价格为 6451.83，最便宜的价格就卖的卖家是 OkEx 价格为 6458.2501，差价比例为：-0.0009940928116116585
2018/08/19 22:43:17 Main.py[line:35] INFO 机会没出现，等一下吧！！！！
2018/08/19 22:43:20 Main.py[line:30] INFO 愿意出最大价钱的买家是 CoinEx 价格为 6451.83，最便宜的价格就卖的卖家是 OkEx 价格为 6458.124，差价比例为：-0.0009745864278852294
2018/08/19 22:43:20 Main.py[line:35] INFO 机会没出现，等一下吧！！！！
2018/08/19 22:43:22 Main.py[line:30] INFO 愿意出最大价钱的买家是 OkEx 价格为 6452.2317，最便宜的价格就卖的卖家是 OkEx 价格为 6458.7184，差价比例为：-0.0010043323765283642
2018/08/19 22:43:22 Main.py[line:35] INFO 机会没出现，等一下吧！！！！
2018/08/19 22:43:26 Main.py[line:30] INFO 愿意出最大价钱的买家是 CoinEx 价格为 6451.83，最便宜的价格就卖的卖家是 OkEx 价格为 6458.7184，差价比例为：-0.001066527377939224
2018/08/19 22:43:26 Main.py[line:35] INFO 机会没出现，等一下吧！！！！
2018/08/19 22:43:30 Main.py[line:30] INFO 愿意出最大价钱的买家是 CoinEx 价格为 6450.98，最便宜的价格就卖的卖家是 OkEx 价格为 6457.7749，差价比例为：-0.0010522045294580923
2018/08/19 22:43:30 Main.py[line:35] INFO 机会没出现，等一下吧！！！！
2018/08/19 22:43:33 Main.py[line:30] INFO 愿意出最大价钱的买家是 CoinEx 价格为 6450.98，最便宜的价格就卖的卖家是 OkEx 价格为 6456.0184，差价比例为：-0.0007804190892641144
2018/08/19 22:43:33 Main.py[line:35] INFO 机会没出现，等一下吧！！！！
2018/08/19 22:43:36 Main.py[line:30] INFO 愿意出最大价钱的买家是 CoinEx 价格为 6451.83，最便宜的价格就卖的卖家是 OkEx 价格为 6457.2863，差价比例为：-0.0008449834414187006
2018/08/19 22:43:36 Main.py[line:35] INFO 机会没出现，等一下吧！！！！
2018/08/19 22:43:39 Main.py[line:30] INFO 愿意出最大价钱的买家是 CoinEx 价格为 6451.02，最便宜的价格就卖的卖家是 OkEx 价格为 6454.5848，差价比例为：-0.0005522895911134664
2018/08/19 22:43:39 Main.py[line:35] INFO 机会没出现，等一下吧！！！！
2018/08/19 22:43:41 Main.py[line:30] INFO 愿意出最大价钱的买家是 CoinEx 价格为 6451.83，最便宜的价格就卖的卖家是 OkEx 价格为 6457.2033，差价比例为：-0.0008321404407385159
2018/08/19 22:43:41 Main.py[line:35] INFO 机会没出现，等一下吧！！！！
2018/08/19 22:43:44 Main.py[line:30] INFO 愿意出最大价钱的买家是 CoinEx 价格为 6451.0，最便宜的价格就卖的卖家是 OkEx 价格为 6456.2498，差价比例为：-0.0008131345847243389
2018/08/19 22:43:44 Main.py[line:35] INFO 机会没出现，等一下吧！！！！
2018/08/19 22:43:47 Main.py[line:30] INFO 愿意出最大价钱的买家是 CoinEx 价格为 6451.44，最便宜的价格就卖的卖家是 OkEx 价格为 6456.2303，差价比例为：-0.0007419654779044313
2018/08/19 22:43:47 Main.py[line:35] INFO 机会没出现，等一下吧！！！！
2018/08/19 22:43:51 Main.py[line:30] INFO 愿意出最大价钱的买家是 CoinEx 价格为 6451.0，最便宜的价格就卖的卖家是 OkEx 价格为 6456.2893，差价比例为：-0.0008192476752862308
2018/08/19 22:43:51 Main.py[line:35] INFO 机会没出现，等一下吧！！！！
2018/08/19 22:43:58 Main.py[line:30] INFO 愿意出最大价钱的买家是 CoinEx 价格为 6451.0，最便宜的价格就卖的卖家是 OkEx 价格为 6457.0741，差价比例为：-0.0009406892202150533
2018/08/19 22:43:58 Main.py[line:35] INFO 机会没出现，等一下吧！！！！
2018/08/19 22:44:04 Main.py[line:30] INFO 愿意出最大价钱的买家是 CoinEx 价格为 6452.6，最便宜的价格就卖的卖家是 OkEx 价格为 6457.0874，差价比例为：-0.0006949572960712874
2018/08/19 22:44:04 Main.py[line:35] INFO 机会没出现，等一下吧！！！！
2018/08/19 22:44:11 Main.py[line:30] INFO 愿意出最大价钱的买家是 CoinEx 价格为 6452.6，最便宜的价格就卖的卖家是 OkEx 价格为 6457.5029，差价比例为：-0.0007592563373064912
2018/08/19 22:44:11 Main.py[line:35] INFO 机会没出现，等一下吧！！！！
2018/08/19 22:44:14 Main.py[line:30] INFO 愿意出最大价钱的买家是 CoinEx 价格为 6451.83，最便宜的价格就卖的卖家是 CoinEx 价格为 6456.94，差价比例为：-0.0007913965438736729
2018/08/19 22:44:14 Main.py[line:35] INFO 机会没出现，等一下吧！！！！
2018/08/19 22:44:17 Main.py[line:30] INFO 愿意出最大价钱的买家是 CoinEx 价格为 6451.83，最便宜的价格就卖的卖家是 CoinEx 价格为 6458.35，差价比例为：-0.0010095457818174048
2018/08/19 22:44:17 Main.py[line:35] INFO 机会没出现，等一下吧！！！！
2018/08/19 22:44:23 Main.py[line:30] INFO 愿意出最大价钱的买家是 CoinEx 价格为 6452.6，最便宜的价格就卖的卖家是 CoinEx 价格为 6456.94，差价比例为：-0.0006721450098652359
2018/08/19 22:44:23 Main.py[line:35] INFO 机会没出现，等一下吧！！！！
2018/08/19 22:44:29 Main.py[line:30] INFO 愿意出最大价钱的买家是 CoinEx 价格为 6451.83，最便宜的价格就卖的卖家是 CoinEx 价格为 6458.35，差价比例为：-0.0010095457818174048
2018/08/19 22:44:29 Main.py[line:35] INFO 机会没出现，等一下吧！！！！
2018/08/19 22:44:31 Main.py[line:30] INFO 愿意出最大价钱的买家是 CoinEx 价格为 6451.82，最便宜的价格就卖的卖家是 OkEx 价格为 6456.2303，差价比例为：-0.0006831076022799963
2018/08/19 22:44:31 Main.py[line:35] INFO 机会没出现，等一下吧！！！！
2018/08/19 22:44:35 Main.py[line:30] INFO 愿意出最大价钱的买家是 CoinEx 价格为 6451.82，最便宜的价格就卖的卖家是 CoinEx 价格为 6458.35，差价比例为：-0.0010110941649183855
2018/08/19 22:44:35 Main.py[line:35] INFO 机会没出现，等一下吧！！！！
2018/08/19 22:44:38 Main.py[line:30] INFO 愿意出最大价钱的买家是 CoinEx 价格为 6451.82，最便宜的价格就卖的卖家是 OkEx 价格为 6458.806，差价比例为：-0.0010816240648813228
2018/08/19 22:44:38 Main.py[line:35] INFO 机会没出现，等一下吧！！！！
2018/08/19 22:44:40 Main.py[line:30] INFO 愿意出最大价钱的买家是 CoinEx 价格为 6452.6，最便宜的价格就卖的卖家是 CoinEx 价格为 6458.35，差价比例为：-0.0008903202830444308
2018/08/19 22:44:40 Main.py[line:35] INFO 机会没出现，等一下吧！！！！
2018/08/19 22:44:43 Main.py[line:30] INFO 愿意出最大价钱的买家是 CoinEx 价格为 6452.6，最便宜的价格就卖的卖家是 CoinEx 价格为 6458.35，差价比例为：-0.0008903202830444308
2018/08/19 22:44:43 Main.py[line:35] INFO 机会没出现，等一下吧！！！！
2018/08/19 22:44:47 Main.py[line:30] INFO 愿意出最大价钱的买家是 CoinEx 价格为 6452.6，最便宜的价格就卖的卖家是 CoinEx 价格为 6458.13，差价比例为：-0.0008562850236832868
2018/08/19 22:44:47 Main.py[line:35] INFO 机会没出现，等一下吧！！！！
2018/08/19 22:44:49 Main.py[line:30] INFO 愿意出最大价钱的买家是 CoinEx 价格为 6452.75，最便宜的价格就卖的卖家是 CoinEx 价格为 6456.94，差价比例为：-0.0006489141915519735
2018/08/19 22:44:49 Main.py[line:35] INFO 机会没出现，等一下吧！！！！
2018/08/19 22:44:52 Main.py[line:30] INFO 愿意出最大价钱的买家是 CoinEx 价格为 6452.6，最便宜的价格就卖的卖家是 CoinEx 价格为 6456.94，差价比例为：-0.0006721450098652359
2018/08/19 22:44:52 Main.py[line:35] INFO 机会没出现，等一下吧！！！！
2018/08/19 22:44:59 Main.py[line:30] INFO 愿意出最大价钱的买家是 CoinEx 价格为 6452.6，最便宜的价格就卖的卖家是 CoinEx 价格为 6456.94，差价比例为：-0.0006721450098652359
2018/08/19 22:44:59 Main.py[line:35] INFO 机会没出现，等一下吧！！！！
2018/08/19 22:45:02 Main.py[line:30] INFO 愿意出最大价钱的买家是 CoinEx 价格为 6452.75，最便宜的价格就卖的卖家是 CoinEx 价格为 6455.75，差价比例为：-0.00046470200983619257
2018/08/19 22:45:02 Main.py[line:35] INFO 机会没出现，等一下吧！！！！
2018/08/19 22:45:10 Main.py[line:30] INFO 愿意出最大价钱的买家是 CoinEx 价格为 6452.6，最便宜的价格就卖的卖家是 CoinEx 价格为 6456.94，差价比例为：-0.0006721450098652359
2018/08/19 22:45:10 Main.py[line:35] INFO 机会没出现，等一下吧！！！！
2018/08/19 22:45:13 Main.py[line:30] INFO 愿意出最大价钱的买家是 CoinEx 价格为 6453.59，最便宜的价格就卖的卖家是 OkEx 价格为 6458.2296，差价比例为：-0.0007184012163332686
2018/08/19 22:45:13 Main.py[line:35] INFO 机会没出现，等一下吧！！！！
2018/08/19 22:45:17 Main.py[line:30] INFO 愿意出最大价钱的买家是 CoinEx 价格为 6452.6，最便宜的价格就卖的卖家是 OkEx 价格为 6458.1499，差价比例为：-0.0008593637629872883
2018/08/19 22:45:17 Main.py[line:35] INFO 机会没出现，等一下吧！！！！
2018/08/19 22:45:22 Main.py[line:30] INFO 愿意出最大价钱的买家是 CoinEx 价格为 6452.6，最便宜的价格就卖的卖家是 OkEx 价格为 6458.0036，差价比例为：-0.0008367291712255536
2018/08/19 22:45:22 Main.py[line:35] INFO 机会没出现，等一下吧！！！！
2018/08/19 22:45:25 Main.py[line:30] INFO 愿意出最大价钱的买家是 CoinEx 价格为 6452.75，最便宜的价格就卖的卖家是 OkEx 价格为 6458.1054，差价比例为：-0.000829252492534478
2018/08/19 22:45:25 Main.py[line:35] INFO 机会没出现，等一下吧！！！！
2018/08/19 22:45:28 Main.py[line:30] INFO 愿意出最大价钱的买家是 CoinEx 价格为 6453.68，最便宜的价格就卖的卖家是 OkEx 价格为 6458.0065，差价比例为：-0.0006699435808867834
2018/08/19 22:45:28 Main.py[line:35] INFO 机会没出现，等一下吧！！！！
2018/08/19 22:45:31 Main.py[line:30] INFO 愿意出最大价钱的买家是 CoinEx 价格为 6453.68，最便宜的价格就卖的卖家是 CoinEx 价格为 6456.94，差价比例为：-0.0005048831180093525
2018/08/19 22:45:31 Main.py[line:35] INFO 机会没出现，等一下吧！！！！
2018/08/19 22:45:33 Main.py[line:30] INFO 愿意出最大价钱的买家是 CoinEx 价格为 6453.68，最便宜的价格就卖的卖家是 CoinEx 价格为 6456.94，差价比例为：-0.0005048831180093525
2018/08/19 22:45:33 Main.py[line:35] INFO 机会没出现，等一下吧！！！！
2018/08/19 22:45:36 Main.py[line:30] INFO 愿意出最大价钱的买家是 CoinEx 价格为 6453.73，最便宜的价格就卖的卖家是 OkEx 价格为 6457.2564，差价比例为：-0.0005461142908930562
2018/08/19 22:45:36 Main.py[line:35] INFO 机会没出现，等一下吧！！！！
2018/08/19 22:45:39 Main.py[line:30] INFO 愿意出最大价钱的买家是 CoinEx 价格为 6453.68，最便宜的价格就卖的卖家是 OkEx 价格为 6456.5597，差价比例为：-0.0004460115191066076
2018/08/19 22:45:39 Main.py[line:35] INFO 机会没出现，等一下吧！！！！
2018/08/19 22:45:44 Main.py[line:30] INFO 愿意出最大价钱的买家是 CoinEx 价格为 6453.59，最便宜的价格就卖的卖家是 OkEx 价格为 6454.9671，差价比例为：-0.00021333958464322774
2018/08/19 22:45:44 Main.py[line:35] INFO 机会没出现，等一下吧！！！！
2018/08/19 22:45:48 Main.py[line:30] INFO 愿意出最大价钱的买家是 CoinEx 价格为 6452.57，最便宜的价格就卖的卖家是 OkEx 价格为 6453.04，差价比例为：-7.283388914376087e-05
2018/08/19 22:45:48 Main.py[line:35] INFO 机会没出现，等一下吧！！！！
2018/08/19 22:45:51 Main.py[line:30] INFO 愿意出最大价钱的买家是 CoinEx 价格为 6452.86，最便宜的价格就卖的卖家是 OkEx 价格为 6453.4399，差价比例为：-8.985905330901655e-05
2018/08/19 22:45:51 Main.py[line:35] INFO 机会没出现，等一下吧！！！！
2018/08/19 22:45:55 Main.py[line:30] INFO 愿意出最大价钱的买家是 CoinEx 价格为 6453.77，最便宜的价格就卖的卖家是 OkEx 价格为 6453.7686，差价比例为：2.169275173738517e-07
2018/08/19 22:45:55 Main.py[line:35] INFO 机会没出现，等一下吧！！！！
2018/08/19 22:45:59 Main.py[line:30] INFO 愿意出最大价钱的买家是 CoinEx 价格为 6453.59，最便宜的价格就卖的卖家是 OkEx 价格为 6453.6101，差价比例为：-3.114535847111268e-06
2018/08/19 22:45:59 Main.py[line:35] INFO 机会没出现，等一下吧！！！！
2018/08/19 22:46:03 Main.py[line:30] INFO 愿意出最大价钱的买家是 CoinEx 价格为 6452.86，最便宜的价格就卖的卖家是 OkEx 价格为 6453.7686，差价比例为：-0.00014078595876534225
2018/08/19 22:46:03 Main.py[line:35] INFO 机会没出现，等一下吧！！！！
2018/08/19 22:46:08 Main.py[line:30] INFO 愿意出最大价钱的买家是 CoinEx 价格为 6450.67，最便宜的价格就卖的卖家是 OkEx 价格为 6453.1134，差价比例为：-0.0003786389372918986
2018/08/19 22:46:08 Main.py[line:35] INFO 机会没出现，等一下吧！！！！
2018/08/19 22:46:11 Main.py[line:30] INFO 愿意出最大价钱的买家是 CoinEx 价格为 6450.53，最便宜的价格就卖的卖家是 OkEx 价格为 6451.8131，差价比例为：-0.00019887432883022583
2018/08/19 22:46:11 Main.py[line:35] INFO 机会没出现，等一下吧！！！！
2018/08/19 22:46:14 Main.py[line:30] INFO 愿意出最大价钱的买家是 CoinEx 价格为 6450.98，最便宜的价格就卖的卖家是 OkEx 价格为 6453.7686，差价比例为：-0.000432088624931605
2018/08/19 22:46:14 Main.py[line:35] INFO 机会没出现，等一下吧！！！！
2018/08/19 22:46:18 Main.py[line:30] INFO 愿意出最大价钱的买家是 CoinEx 价格为 6452.44，最便宜的价格就卖的卖家是 OkEx 价格为 6453.2703，差价比例为：-0.00012866344681091913
2018/08/19 22:46:18 Main.py[line:35] INFO 机会没出现，等一下吧！！！！
2018/08/19 22:46:21 Main.py[line:30] INFO 愿意出最大价钱的买家是 CoinEx 价格为 6450.53，最便宜的价格就卖的卖家是 OkEx 价格为 6453.7686，差价比例为：-0.0005018153269394549
2018/08/19 22:46:21 Main.py[line:35] INFO 机会没出现，等一下吧！！！！
2018/08/19 22:46:26 Main.py[line:30] INFO 愿意出最大价钱的买家是 CoinEx 价格为 6451.0，最便宜的价格就卖的卖家是 OkEx 价格为 6452.2921，差价比例为：-0.00020025441811595353
2018/08/19 22:46:26 Main.py[line:35] INFO 机会没出现，等一下吧！！！！
2018/08/19 22:46:29 Main.py[line:30] INFO 愿意出最大价钱的买家是 CoinEx 价格为 6452.86，最便宜的价格就卖的卖家是 OkEx 价格为 6453.1134，差价比例为：-3.9267867197330013e-05
2018/08/19 22:46:29 Main.py[line:35] INFO 机会没出现，等一下吧！！！！
2018/08/19 22:46:31 Main.py[line:30] INFO 愿意出最大价钱的买家是 CoinEx 价格为 6450.67，最便宜的价格就卖的卖家是 OkEx 价格为 6452.2921，差价比例为：-0.0002513990338409495
2018/08/19 22:46:31 Main.py[line:35] INFO 机会没出现，等一下吧！！！！
2018/08/19 22:46:35 Main.py[line:30] INFO 愿意出最大价钱的买家是 CoinEx 价格为 6450.98，最便宜的价格就卖的卖家是 OkEx 价格为 6452.2921，差价比例为：-0.00020335409179632468
2018/08/19 22:46:35 Main.py[line:35] INFO 机会没出现，等一下吧！！！！
2018/08/19 22:46:38 Main.py[line:30] INFO 愿意出最大价钱的买家是 CoinEx 价格为 6450.98，最便宜的价格就卖的卖家是 OkEx 价格为 6453.8403，差价比例为：-0.00044319348899914357
2018/08/19 22:46:38 Main.py[line:35] INFO 机会没出现，等一下吧！！！！
2018/08/19 22:46:42 Main.py[line:30] INFO 愿意出最大价钱的买家是 CoinEx 价格为 6450.98，最便宜的价格就卖的卖家是 OkEx 价格为 6452.2921，差价比例为：-0.00020335409179632468
2018/08/19 22:46:42 Main.py[line:35] INFO 机会没出现，等一下吧！！！！
2018/08/19 22:46:45 Main.py[line:30] INFO 愿意出最大价钱的买家是 CoinEx 价格为 6450.67，最便宜的价格就卖的卖家是 OkEx 价格为 6452.2921，差价比例为：-0.0002513990338409495
2018/08/19 22:46:45 Main.py[line:35] INFO 机会没出现，等一下吧！！！！
2018/08/19 22:46:51 Main.py[line:30] INFO 愿意出最大价钱的买家是 CoinEx 价格为 6450.98，最便宜的价格就卖的卖家是 OkEx 价格为 6453.8403，差价比例为：-0.00044319348899914357
2018/08/19 22:46:51 Main.py[line:35] INFO 机会没出现，等一下吧！！！！
2018/08/19 22:46:53 Main.py[line:30] INFO 愿意出最大价钱的买家是 CoinEx 价格为 6450.98，最便宜的价格就卖的卖家是 OkEx 价格为 6450.8306，差价比例为：2.315980828877014e-05
2018/08/19 22:46:53 Main.py[line:35] INFO 机会没出现，等一下吧！！！！
2018/08/19 22:46:59 Main.py[line:30] INFO 愿意出最大价钱的买家是 CoinEx 价格为 6450.67，最便宜的价格就卖的卖家是 OkEx 价格为 6451.3121，差价比例为：-9.953014054304204e-05
2018/08/19 22:46:59 Main.py[line:35] INFO 机会没出现，等一下吧！！！！
2018/08/19 22:47:02 Main.py[line:30] INFO 愿意出最大价钱的买家是 CoinEx 价格为 6450.67，最便宜的价格就卖的卖家是 OkEx 价格为 6450.6926，差价比例为：-3.503499763767793e-06
2018/08/19 22:47:02 Main.py[line:35] INFO 机会没出现，等一下吧！！！！
2018/08/19 22:47:04 Main.py[line:30] INFO 愿意出最大价钱的买家是 CoinEx 价格为 6450.98，最便宜的价格就卖的卖家是 OkEx 价格为 6450.362，差价比例为：9.580857632478354e-05
2018/08/19 22:47:04 Main.py[line:35] INFO 机会没出现，等一下吧！！！！
2018/08/19 22:47:07 Main.py[line:30] INFO 愿意出最大价钱的买家是 CoinEx 价格为 6450.98，最便宜的价格就卖的卖家是 OkEx 价格为 6449.9522，差价比例为：0.00015935001812879217
2018/08/19 22:47:07 Main.py[line:35] INFO 机会没出现，等一下吧！！！！
2018/08/19 22:47:10 Main.py[line:30] INFO 愿意出最大价钱的买家是 CoinEx 价格为 6450.98，最便宜的价格就卖的卖家是 OkEx 价格为 6449.9422，差价比例为：0.00016090066667561015
2018/08/19 22:47:10 Main.py[line:35] INFO 机会没出现，等一下吧！！！！
2018/08/19 22:47:14 Main.py[line:30] INFO 愿意出最大价钱的买家是 CoinEx 价格为 6445.78，最便宜的价格就卖的卖家是 OkEx 价格为 6449.8683，差价比例为：-0.0006338579037343049
2018/08/19 22:47:14 Main.py[line:35] INFO 机会没出现，等一下吧！！！！
2018/08/19 22:47:18 Main.py[line:30] INFO 愿意出最大价钱的买家是 CoinEx 价格为 6445.78，最便宜的价格就卖的卖家是 OkEx 价格为 6450.362，差价比例为：-0.00071034772932129
2018/08/19 22:47:18 Main.py[line:35] INFO 机会没出现，等一下吧！！！！
2018/08/19 22:47:21 Main.py[line:30] INFO 愿意出最大价钱的买家是 CoinEx 价格为 6445.78，最便宜的价格就卖的卖家是 OkEx 价格为 6449.2647，差价比例为：-0.0005403251629600465
2018/08/19 22:47:21 Main.py[line:35] INFO 机会没出现，等一下吧！！！！
2018/08/19 22:47:25 Main.py[line:30] INFO 愿意出最大价钱的买家是 CoinEx 价格为 6447.16，最便宜的价格就卖的卖家是 OkEx 价格为 6447.9734，差价比例为：-0.00012614816308020152
2018/08/19 22:47:25 Main.py[line:35] INFO 机会没出现，等一下吧！！！！
2018/08/19 22:47:28 Main.py[line:30] INFO 愿意出最大价钱的买家是 OkEx 价格为 6443.5105，最便宜的价格就卖的卖家是 OkEx 价格为 6450.2731，差价比例为：-0.001048420725007755
2018/08/19 22:47:28 Main.py[line:35] INFO 机会没出现，等一下吧！！！！
2018/08/19 22:47:36 Main.py[line:30] INFO 愿意出最大价钱的买家是 CoinEx 价格为 6445.78，最便宜的价格就卖的卖家是 OkEx 价格为 6449.08，差价比例为：-0.0005117008937709226
2018/08/19 22:47:36 Main.py[line:35] INFO 机会没出现，等一下吧！！！！
2018/08/19 22:47:39 Main.py[line:30] INFO 愿意出最大价钱的买家是 CoinEx 价格为 6446.31，最便宜的价格就卖的卖家是 OkEx 价格为 6448.6046，差价比例为：-0.0003558289183987593
2018/08/19 22:47:39 Main.py[line:35] INFO 机会没出现，等一下吧！！！！
2018/08/19 22:47:43 Main.py[line:30] INFO 愿意出最大价钱的买家是 CoinEx 价格为 6446.67，最便宜的价格就卖的卖家是 OkEx 价格为 6448.6702，差价比例为：-0.0003101724755593014
2018/08/19 22:47:43 Main.py[line:35] INFO 机会没出现，等一下吧！！！！
2018/08/19 22:47:46 Main.py[line:30] INFO 愿意出最大价钱的买家是 CoinEx 价格为 6440.08，最便宜的价格就卖的卖家是 OkEx 价格为 6447.2801，差价比例为：-0.0011167655024015507
2018/08/19 22:47:46 Main.py[line:35] INFO 机会没出现，等一下吧！！！！
2018/08/19 22:47:48 Main.py[line:30] INFO 愿意出最大价钱的买家是 OkEx 价格为 6438.9435，最便宜的价格就卖的卖家是 OkEx 价格为 6445.719，差价比例为：-0.0010511627950271704
2018/08/19 22:47:48 Main.py[line:35] INFO 机会没出现，等一下吧！！！！
2018/08/19 22:47:52 Main.py[line:30] INFO 愿意出最大价钱的买家是 OkEx 价格为 6439.5832，最便宜的价格就卖的卖家是 OkEx 价格为 6447.28，差价比例为：-0.0011938057599483367
2018/08/19 22:47:52 Main.py[line:35] INFO 机会没出现，等一下吧！！！！
2018/08/19 22:47:54 Main.py[line:30] INFO 愿意出最大价钱的买家是 OkEx 价格为 6439.2589，最便宜的价格就卖的卖家是 OkEx 价格为 6446.2117，差价比例为：-0.0010785869784574443
2018/08/19 22:47:54 Main.py[line:35] INFO 机会没出现，等一下吧！！！！
2018/08/19 22:47:57 Main.py[line:30] INFO 愿意出最大价钱的买家是 OkEx 价格为 6438.4996，最便宜的价格就卖的卖家是 OkEx 价格为 6442.7284，差价比例为：-0.0006563678828987832
2018/08/19 22:47:57 Main.py[line:35] INFO 机会没出现，等一下吧！！！！
2018/08/19 22:48:01 Main.py[line:30] INFO 愿意出最大价钱的买家是 OkEx 价格为 6438.2126，最便宜的价格就卖的卖家是 OkEx 价格为 6445.3069，差价比例为：-0.0011006923502742357
2018/08/19 22:48:01 Main.py[line:35] INFO 机会没出现，等一下吧！！！！
2018/08/19 22:48:05 Main.py[line:30] INFO 愿意出最大价钱的买家是 OkEx 价格为 6438.5784，最便宜的价格就卖的卖家是 CoinEx 价格为 6447.06，差价比例为：-0.0013155764022670909
2018/08/19 22:48:05 Main.py[line:35] INFO 机会没出现，等一下吧！！！！
2018/08/19 22:48:09 Main.py[line:30] INFO 愿意出最大价钱的买家是 OkEx 价格为 6439.1596，最便宜的价格就卖的卖家是 OkEx 价格为 6444.7609，差价比例为：-0.0008691245628678427
2018/08/19 22:48:09 Main.py[line:35] INFO 机会没出现，等一下吧！！！！
2018/08/19 22:48:11 Main.py[line:30] INFO 愿意出最大价钱的买家是 OkEx 价格为 6439.1596，最便宜的价格就卖的卖家是 OkEx 价格为 6445.2949，差价比例为：-0.0009519036902407547
2018/08/19 22:48:11 Main.py[line:35] INFO 机会没出现，等一下吧！！！！
2018/08/19 22:48:23 Main.py[line:60] ERROR 出现错误：okex GET https://www.okex.com/api/v1/depth.do?symbol=btc_usdt&size=5 HTTPSConnectionPool(host='www.okex.com', port=443): Read timed out. (read timeout=10)
2018/08/19 22:48:29 Main.py[line:30] INFO 愿意出最大价钱的买家是 OkEx 价格为 6438.9132，最便宜的价格就卖的卖家是 OkEx 价格为 6444.4282，差价比例为：-0.0008557780192198165
2018/08/19 22:48:29 Main.py[line:35] INFO 机会没出现，等一下吧！！！！
2018/08/19 22:48:31 Main.py[line:30] INFO 愿意出最大价钱的买家是 OkEx 价格为 6438.3436，最便宜的价格就卖的卖家是 OkEx 价格为 6443.7401，差价比例为：-0.0008374794632079951
2018/08/19 22:48:31 Main.py[line:35] INFO 机会没出现，等一下吧！！！！
2018/08/19 22:48:36 Main.py[line:30] INFO 愿意出最大价钱的买家是 OkEx 价格为 6436.8339，最便宜的价格就卖的卖家是 OkEx 价格为 6443.2253，差价比例为：-0.0009919566214765811
2018/08/19 22:48:36 Main.py[line:35] INFO 机会没出现，等一下吧！！！！
2018/08/19 22:48:38 Main.py[line:30] INFO 愿意出最大价钱的买家是 OkEx 价格为 6436.8339，最便宜的价格就卖的卖家是 OkEx 价格为 6442.8053，差价比例为：-0.000926832291517541
2018/08/19 22:48:38 Main.py[line:35] INFO 机会没出现，等一下吧！！！！
2018/08/19 22:48:41 Main.py[line:30] INFO 愿意出最大价钱的买家是 OkEx 价格为 6436.9335，最便宜的价格就卖的卖家是 OkEx 价格为 6443.5429，差价比例为：-0.0010257400474512676
2018/08/19 22:48:41 Main.py[line:35] INFO 机会没出现，等一下吧！！！！
2018/08/19 22:48:46 Main.py[line:30] INFO 愿意出最大价钱的买家是 OkEx 价格为 6438.9638，最便宜的价格就卖的卖家是 CoinEx 价格为 6447.16，差价比例为：-0.0012712884432834624
2018/08/19 22:48:46 Main.py[line:35] INFO 机会没出现，等一下吧！！！！
2018/08/19 22:48:50 Main.py[line:30] INFO 愿意出最大价钱的买家是 OkEx 价格为 6439.0143，最便宜的价格就卖的卖家是 CoinEx 价格为 6447.16，差价比例为：-0.0012634555370116506
2018/08/19 22:48:50 Main.py[line:35] INFO 机会没出现，等一下吧！！！！
2018/08/19 22:48:52 Main.py[line:30] INFO 愿意出最大价钱的买家是 OkEx 价格为 6439.9093，最便宜的价格就卖的卖家是 CoinEx 价格为 6444.26，差价比例为：-0.0006751279433169923
2018/08/19 22:48:52 Main.py[line:35] INFO 机会没出现，等一下吧！！！！
2018/08/19 22:48:56 Main.py[line:30] INFO 愿意出最大价钱的买家是 OkEx 价格为 6439.9569，最便宜的价格就卖的卖家是 CoinEx 价格为 6442.36，差价比例为：-0.00037301547879962314
2018/08/19 22:48:56 Main.py[line:35] INFO 机会没出现，等一下吧！！！！
2018/08/19 22:48:59 Main.py[line:30] INFO 愿意出最大价钱的买家是 OkEx 价格为 6439.9094，最便宜的价格就卖的卖家是 CoinEx 价格为 6442.36，差价比例为：-0.00038038855326310894
2018/08/19 22:48:59 Main.py[line:35] INFO 机会没出现，等一下吧！！！！
2018/08/19 22:49:03 Main.py[line:30] INFO 愿意出最大价钱的买家是 OkEx 价格为 6439.9093，最便宜的价格就卖的卖家是 CoinEx 价格为 6442.12，差价比例为：-0.0003431634306718337
2018/08/19 22:49:03 Main.py[line:35] INFO 机会没出现，等一下吧！！！！
2018/08/19 22:49:06 Main.py[line:30] INFO 愿意出最大价钱的买家是 OkEx 价格为 6439.9094，最便宜的价格就卖的卖家是 CoinEx 价格为 6442.12，差价比例为：-0.0003431479078316363
2018/08/19 22:49:06 Main.py[line:35] INFO 机会没出现，等一下吧！！！！
2018/08/19 22:49:10 Main.py[line:30] INFO 愿意出最大价钱的买家是 OkEx 价格为 6439.9094，最便宜的价格就卖的卖家是 CoinEx 价格为 6445.54，差价比例为：-0.0008735652870047216
2018/08/19 22:49:10 Main.py[line:35] INFO 机会没出现，等一下吧！！！！
2018/08/19 22:49:13 Main.py[line:30] INFO 愿意出最大价钱的买家是 OkEx 价格为 6439.0143，最便宜的价格就卖的卖家是 CoinEx 价格为 6445.54，差价比例为：-0.0010124365064835752
2018/08/19 22:49:13 Main.py[line:35] INFO 机会没出现，等一下吧！！！！
2018/08/19 22:49:15 Main.py[line:30] INFO 愿意出最大价钱的买家是 CoinEx 价格为 6438.21，最便宜的价格就卖的卖家是 OkEx 价格为 6443.2783，差价比例为：-0.0007866026832955374
2018/08/19 22:49:15 Main.py[line:35] INFO 机会没出现，等一下吧！！！！
2018/08/19 22:49:19 Main.py[line:30] INFO 愿意出最大价钱的买家是 CoinEx 价格为 6438.79，最便宜的价格就卖的卖家是 OkEx 价格为 6443.3695，差价比例为：-0.0007107306200583135
2018/08/19 22:49:19 Main.py[line:35] INFO 机会没出现，等一下吧！！！！
2018/08/19 22:49:23 Main.py[line:30] INFO 愿意出最大价钱的买家是 CoinEx 价格为 6438.21，最便宜的价格就卖的卖家是 CoinEx 价格为 6442.12，差价比例为：-0.0006069430560125944
2018/08/19 22:49:23 Main.py[line:35] INFO 机会没出现，等一下吧！！！！
2018/08/19 22:49:26 Main.py[line:30] INFO 愿意出最大价钱的买家是 CoinEx 价格为 6438.21，最便宜的价格就卖的卖家是 CoinEx 价格为 6442.12，差价比例为：-0.0006069430560125944
2018/08/19 22:49:26 Main.py[line:35] INFO 机会没出现，等一下吧！！！！
2018/08/19 22:49:30 Main.py[line:30] INFO 愿意出最大价钱的买家是 CoinEx 价格为 6438.21，最便宜的价格就卖的卖家是 CoinEx 价格为 6442.12，差价比例为：-0.0006069430560125944
2018/08/19 22:49:30 Main.py[line:35] INFO 机会没出现，等一下吧！！！！
2018/08/19 22:49:33 Main.py[line:30] INFO 愿意出最大价钱的买家是 CoinEx 价格为 6439.48，最便宜的价格就卖的卖家是 CoinEx 价格为 6440.8，差价比例为：-0.00020494348528142753
2018/08/19 22:49:33 Main.py[line:35] INFO 机会没出现，等一下吧！！！！
2018/08/19 22:49:36 Main.py[line:30] INFO 愿意出最大价钱的买家是 CoinEx 价格为 6437.64，最便宜的价格就卖的卖家是 CoinEx 价格为 6442.12，差价比例为：-0.0006954232457637491
2018/08/19 22:49:36 Main.py[line:35] INFO 机会没出现，等一下吧！！！！
2018/08/19 22:49:43 Main.py[line:30] INFO 愿意出最大价钱的买家是 CoinEx 价格为 6439.5，最便宜的价格就卖的卖家是 OkEx 价格为 6438.9266，差价比例为：8.905211002098078e-05
2018/08/19 22:49:43 Main.py[line:35] INFO 机会没出现，等一下吧！！！！
2018/08/19 22:49:46 Main.py[line:30] INFO 愿意出最大价钱的买家是 CoinEx 价格为 6435.95，最便宜的价格就卖的卖家是 OkEx 价格为 6438.8095，差价比例为：-0.0004441038362760197
2018/08/19 22:49:46 Main.py[line:35] INFO 机会没出现，等一下吧！！！！
2018/08/19 22:49:50 Main.py[line:30] INFO 愿意出最大价钱的买家是 CoinEx 价格为 6435.66，最便宜的价格就卖的卖家是 OkEx 价格为 6438.4048，差价比例为：-0.0004263167795849673
2018/08/19 22:49:50 Main.py[line:35] INFO 机会没出现，等一下吧！！！！
2018/08/19 22:49:53 Main.py[line:30] INFO 愿意出最大价钱的买家是 CoinEx 价格为 6435.66，最便宜的价格就卖的卖家是 OkEx 价格为 6438.2361，差价比例为：-0.00040012512122694974
2018/08/19 22:49:53 Main.py[line:35] INFO 机会没出现，等一下吧！！！！
2018/08/19 22:49:57 Main.py[line:30] INFO 愿意出最大价钱的买家是 CoinEx 价格为 6435.92，最便宜的价格就卖的卖家是 OkEx 价格为 6437.5502，差价比例为：-0.0002532329767307452
2018/08/19 22:49:57 Main.py[line:35] INFO 机会没出现，等一下吧！！！！
2018/08/19 22:50:00 Main.py[line:30] INFO 愿意出最大价钱的买家是 CoinEx 价格为 6435.66，最便宜的价格就卖的卖家是 OkEx 价格为 6436.6954，差价比例为：-0.0001608589401325025
2018/08/19 22:50:00 Main.py[line:35] INFO 机会没出现，等一下吧！！！！
2018/08/19 22:50:02 Main.py[line:30] INFO 愿意出最大价钱的买家是 CoinEx 价格为 6438.21，最便宜的价格就卖的卖家是 OkEx 价格为 6436.6953，差价比例为：0.00023532261966784733
2018/08/19 22:50:02 Main.py[line:35] INFO 机会没出现，等一下吧！！！！
2018/08/19 22:50:05 Main.py[line:30] INFO 愿意出最大价钱的买家是 CoinEx 价格为 6435.66，最便宜的价格就卖的卖家是 OkEx 价格为 6436.5165，差价比例为：-0.00013306887351253883
2018/08/19 22:50:05 Main.py[line:35] INFO 机会没出现，等一下吧！！！！
2018/08/19 22:50:08 Main.py[line:30] INFO 愿意出最大价钱的买家是 CoinEx 价格为 6438.21，最便宜的价格就卖的卖家是 OkEx 价格为 6438.3095，差价比例为：-1.5454367330471133e-05
2018/08/19 22:50:08 Main.py[line:35] INFO 机会没出现，等一下吧！！！！
2018/08/19 22:50:12 Main.py[line:30] INFO 愿意出最大价钱的买家是 CoinEx 价格为 6435.64，最便宜的价格就卖的卖家是 OkEx 价格为 6438.2361，差价比例为：-0.0004032315621354351
2018/08/19 22:50:12 Main.py[line:35] INFO 机会没出现，等一下吧！！！！
2018/08/19 22:50:15 Main.py[line:30] INFO 愿意出最大价钱的买家是 CoinEx 价格为 6438.21，最便宜的价格就卖的卖家是 OkEx 价格为 6437.8586，差价比例为：5.458336720854154e-05
2018/08/19 22:50:15 Main.py[line:35] INFO 机会没出现，等一下吧！！！！
2018/08/19 22:50:17 Main.py[line:30] INFO 愿意出最大价钱的买家是 CoinEx 价格为 6435.64，最便宜的价格就卖的卖家是 CoinEx 价格为 6437.26，差价比例为：-0.0002516598677076723
2018/08/19 22:50:17 Main.py[line:35] INFO 机会没出现，等一下吧！！！！
2018/08/19 22:50:20 Main.py[line:30] INFO 愿意出最大价钱的买家是 CoinEx 价格为 6435.66，最便宜的价格就卖的卖家是 OkEx 价格为 6435.69，差价比例为：-4.661504826948679e-06
2018/08/19 22:50:20 Main.py[line:35] INFO 机会没出现，等一下吧！！！！
2018/08/19 22:50:22 Main.py[line:30] INFO 愿意出最大价钱的买家是 CoinEx 价格为 6435.64，最便宜的价格就卖的卖家是 OkEx 价格为 6434.8449，差价比例为：0.00012356164171109627
2018/08/19 22:50:22 Main.py[line:35] INFO 机会没出现，等一下吧！！！！
2018/08/19 22:50:28 Main.py[line:30] INFO 愿意出最大价钱的买家是 CoinEx 价格为 6438.21，最便宜的价格就卖的卖家是 OkEx 价格为 6434.29，差价比例为：0.0006092358286617595
2018/08/19 22:50:28 Main.py[line:35] INFO 机会没出现，等一下吧！！！！
2018/08/19 22:50:31 Main.py[line:30] INFO 愿意出最大价钱的买家是 OkEx 价格为 6429.32，最便宜的价格就卖的卖家是 OkEx 价格为 6433.1081，差价比例为：-0.0005888444498547549
2018/08/19 22:50:31 Main.py[line:35] INFO 机会没出现，等一下吧！！！！
2018/08/19 22:50:35 Main.py[line:30] INFO 愿意出最大价钱的买家是 OkEx 价格为 6427.6248，最便宜的价格就卖的卖家是 OkEx 价格为 6432.902，差价比例为：-0.0008203451568204285
2018/08/19 22:50:35 Main.py[line:35] INFO 机会没出现，等一下吧！！！！
2018/08/19 22:50:41 Main.py[line:30] INFO 愿意出最大价钱的买家是 OkEx 价格为 6426.97，最便宜的价格就卖的卖家是 OkEx 价格为 6433.6621，差价比例为：-0.0010401696414860365
2018/08/19 22:50:41 Main.py[line:35] INFO 机会没出现，等一下吧！！！！
2018/08/19 22:50:44 Main.py[line:30] INFO 愿意出最大价钱的买家是 OkEx 价格为 6426.9701，最便宜的价格就卖的卖家是 OkEx 价格为 6432.7427，差价比例为：-0.0008973777235020202
2018/08/19 22:50:44 Main.py[line:35] INFO 机会没出现，等一下吧！！！！
2018/08/19 22:50:48 Main.py[line:30] INFO 愿意出最大价钱的买家是 CoinEx 价格为 6426.92，最便宜的价格就卖的卖家是 OkEx 价格为 6431.0104，差价比例为：-0.0006360431325068368
2018/08/19 22:50:48 Main.py[line:35] INFO 机会没出现，等一下吧！！！！
2018/08/19 22:50:52 Main.py[line:30] INFO 愿意出最大价钱的买家是 CoinEx 价格为 6426.95，最便宜的价格就卖的卖家是 OkEx 价格为 6432.4834，差价比例为：-0.0008602276377425639
2018/08/19 22:50:52 Main.py[line:35] INFO 机会没出现，等一下吧！！！！
2018/08/19 22:50:57 Main.py[line:30] INFO 愿意出最大价钱的买家是 CoinEx 价格为 6426.44，最便宜的价格就卖的卖家是 OkEx 价格为 6432.4832，差价比例为：-0.0009394816608304659
2018/08/19 22:50:57 Main.py[line:35] INFO 机会没出现，等一下吧！！！！
2018/08/19 22:50:59 Main.py[line:30] INFO 愿意出最大价钱的买家是 CoinEx 价格为 6426.44，最便宜的价格就卖的卖家是 OkEx 价格为 6430.5736，差价比例为：-0.0006428042437769649
2018/08/19 22:50:59 Main.py[line:35] INFO 机会没出现，等一下吧！！！！
2018/08/19 22:51:02 Main.py[line:30] INFO 愿意出最大价钱的买家是 CoinEx 价格为 6426.18，最便宜的价格就卖的卖家是 OkEx 价格为 6427.93，差价比例为：-0.0002722493866610246
2018/08/19 22:51:02 Main.py[line:35] INFO 机会没出现，等一下吧！！！！
2018/08/19 22:51:06 Main.py[line:30] INFO 愿意出最大价钱的买家是 CoinEx 价格为 6426.18，最便宜的价格就卖的卖家是 OkEx 价格为 6427.4942，差价比例为：-0.0002044653731464745
2018/08/19 22:51:06 Main.py[line:35] INFO 机会没出现，等一下吧！！！！
2018/08/19 22:51:09 Main.py[line:30] INFO 愿意出最大价钱的买家是 CoinEx 价格为 6425.32，最便宜的价格就卖的卖家是 OkEx 价格为 6427.4942，差价比例为：-0.00033826557167494336
2018/08/19 22:51:09 Main.py[line:35] INFO 机会没出现，等一下吧！！！！
2018/08/19 22:51:13 Main.py[line:30] INFO 愿意出最大价钱的买家是 CoinEx 价格为 6426.44，最便宜的价格就卖的卖家是 OkEx 价格为 6427.4306，差价比例为：-0.00015412068393240775
2018/08/19 22:51:13 Main.py[line:35] INFO 机会没出现，等一下吧！！！！
2018/08/19 22:51:15 Main.py[line:30] INFO 愿意出最大价钱的买家是 CoinEx 价格为 6426.18，最便宜的价格就卖的卖家是 OkEx 价格为 6425.9208，差价比例为：4.033663160000651e-05
2018/08/19 22:51:15 Main.py[line:35] INFO 机会没出现，等一下吧！！！！
2018/08/19 22:51:18 Main.py[line:30] INFO 愿意出最大价钱的买家是 CoinEx 价格为 6426.18，最便宜的价格就卖的卖家是 OkEx 价格为 6425.3447，差价比例为：0.0001300008075832326
2018/08/19 22:51:18 Main.py[line:35] INFO 机会没出现，等一下吧！！！！
2018/08/19 22:51:21 Main.py[line:30] INFO 愿意出最大价钱的买家是 OkEx 价格为 6418.6213，最便宜的价格就卖的卖家是 OkEx 价格为 6424.76，差价比例为：-0.0009554753796251418
2018/08/19 22:51:21 Main.py[line:35] INFO 机会没出现，等一下吧！！！！
2018/08/19 22:51:25 Main.py[line:30] INFO 愿意出最大价钱的买家是 CoinEx 价格为 6426.18，最便宜的价格就卖的卖家是 OkEx 价格为 6424.76，差价比例为：0.00022101992914911573
2018/08/19 22:51:25 Main.py[line:35] INFO 机会没出现，等一下吧！！！！
2018/08/19 22:51:29 Main.py[line:30] INFO 愿意出最大价钱的买家是 OkEx 价格为 6419.5891，最便宜的价格就卖的卖家是 CoinEx 价格为 6426.95，差价比例为：-0.0011453177634802938
2018/08/19 22:51:29 Main.py[line:35] INFO 机会没出现，等一下吧！！！！
2018/08/19 22:51:34 Main.py[line:30] INFO 愿意出最大价钱的买家是 OkEx 价格为 6421.9758，最便宜的价格就卖的卖家是 CoinEx 价格为 6426.96，差价比例为：-0.0007755143956084795
2018/08/19 22:51:34 Main.py[line:35] INFO 机会没出现，等一下吧！！！！
2018/08/19 22:51:39 Main.py[line:60] ERROR 出现错误：zb http://api.zb.com/data/v1/depth?market=btc_usdt GET 500 Server Error: Internal Privoxy Error for url: http://api.zb.com/data/v1/depth?market=btc_usdt <html>
<head>
 <title>500 Internal Privoxy Error</title>
 <link rel="shortcut icon" href="http://config.privoxy.org/error-favicon.ico" type="image/x-icon"></head>
<body>
<h1>500 Internal Privoxy Error</h1>
<p>Privoxy encountered an error while processing your request:</p>
<p><b>Could not load template file <code>no-server-data</code> or one of its included components.</b></p>
<p>Please contact your proxy administrator.</p>
<p>If you are the proxy administrator, please put the required file(s)in the <code><i>(confdir)</i>/templates</code> directory.  The location of the <code><i>(confdir)</i></code> directory is specified in the main Privoxy <code>config</code> file.  (It's typically the Privoxy install directory).</p>
</body>
</html>

2018/08/19 22:51:44 Main.py[line:30] INFO 愿意出最大价钱的买家是 OkEx 价格为 6422.2935，最便宜的价格就卖的卖家是 OkEx 价格为 6428.9969，差价比例为：-0.001042682101775524
2018/08/19 22:51:44 Main.py[line:35] INFO 机会没出现，等一下吧！！！！
2018/08/19 22:51:47 Main.py[line:30] INFO 愿意出最大价钱的买家是 OkEx 价格为 6422.1847，最便宜的价格就卖的卖家是 OkEx 价格为 6428.3266，差价比例为：-0.0009554430541846663
2018/08/19 22:51:47 Main.py[line:35] INFO 机会没出现，等一下吧！！！！
2018/08/19 22:51:51 Main.py[line:30] INFO 愿意出最大价钱的买家是 OkEx 价格为 6421.407，最便宜的价格就卖的卖家是 OkEx 价格为 6428.5786，差价比例为：-0.0011155809777296138
2018/08/19 22:51:51 Main.py[line:35] INFO 机会没出现，等一下吧！！！！
2018/08/19 22:51:54 Main.py[line:30] INFO 愿意出最大价钱的买家是 OkEx 价格为 6421.0178，最便宜的价格就卖的卖家是 CoinEx 价格为 6426.6，差价比例为：-0.0008686085955249648
2018/08/19 22:51:54 Main.py[line:35] INFO 机会没出现，等一下吧！！！！
2018/08/19 22:51:58 Main.py[line:30] INFO 愿意出最大价钱的买家是 OkEx 价格为 6421.6012，最便宜的价格就卖的卖家是 OkEx 价格为 6428.2097，差价比例为：-0.0010280467359364887
2018/08/19 22:51:58 Main.py[line:35] INFO 机会没出现，等一下吧！！！！
2018/08/19 22:52:00 Main.py[line:30] INFO 愿意出最大价钱的买家是 OkEx 价格为 6422.394，最便宜的价格就卖的卖家是 OkEx 价格为 6429.856，差价比例为：-0.001160523657139372
2018/08/19 22:52:00 Main.py[line:35] INFO 机会没出现，等一下吧！！！！
2018/08/19 22:52:04 Main.py[line:30] INFO 愿意出最大价钱的买家是 OkEx 价格为 6422.9215，最便宜的价格就卖的卖家是 OkEx 价格为 6429.5671，差价比例为：-0.0010335999137484437
2018/08/19 22:52:04 Main.py[line:35] INFO 机会没出现，等一下吧！！！！
2018/08/19 22:52:07 Main.py[line:30] INFO 愿意出最大价钱的买家是 OkEx 价格为 6421.9673，最便宜的价格就卖的卖家是 OkEx 价格为 6428.7307，差价比例为：-0.0010520583791135969
2018/08/19 22:52:07 Main.py[line:35] INFO 机会没出现，等一下吧！！！！
2018/08/19 22:52:11 Main.py[line:30] INFO 愿意出最大价钱的买家是 OkEx 价格为 6422.9218，最便宜的价格就卖的卖家是 CoinEx 价格为 6426.73，差价比例为：-0.0005925564011557181
2018/08/19 22:52:11 Main.py[line:35] INFO 机会没出现，等一下吧！！！！
2018/08/19 22:52:14 Main.py[line:30] INFO 愿意出最大价钱的买家是 OkEx 价格为 6423.308，最便宜的价格就卖的卖家是 CoinEx 价格为 6426.6，差价比例为：-0.0005122459776554276
2018/08/19 22:52:14 Main.py[line:35] INFO 机会没出现，等一下吧！！！！
2018/08/19 22:52:17 Main.py[line:30] INFO 愿意出最大价钱的买家是 OkEx 价格为 6424.2897，最便宜的价格就卖的卖家是 OkEx 价格为 6430.2122，差价比例为：-0.0009210426990262736
2018/08/19 22:52:17 Main.py[line:35] INFO 机会没出现，等一下吧！！！！
2018/08/19 22:52:19 Main.py[line:60] ERROR 出现错误：okex https://www.okex.com/api/v1/depth.do?symbol=btc_usdt&size=5 GET HTTPSConnectionPool(host='www.okex.com', port=443): Max retries exceeded with url: /api/v1/depth.do?symbol=btc_usdt&size=5 (Caused by ProxyError('Cannot connect to proxy.', RemoteDisconnected('Remote end closed connection without response',)))
2018/08/19 22:52:20 Main.py[line:60] ERROR 出现错误：coinex https://api.coinex.com/v1/market/depth?market=BTCUSDT&merge=0.00000001&limit=5 GET HTTPSConnectionPool(host='api.coinex.com', port=443): Max retries exceeded with url: /v1/market/depth?market=BTCUSDT&merge=0.00000001&limit=5 (Caused by ProxyError('Cannot connect to proxy.', NewConnectionError('<urllib3.connection.VerifiedHTTPSConnection object at 0x00000158C699CD68>: Failed to establish a new connection: [WinError 10061] 由于目标计算机积极拒绝，无法连接。',)))
2018/08/19 22:52:34 Main.py[line:60] ERROR 出现错误：zb GET http://api.zb.com/data/v1/depth?market=btc_usdt HTTPConnectionPool(host='api.zb.com', port=80): Max retries exceeded with url: /data/v1/depth?market=btc_usdt (Caused by ConnectTimeoutError(<urllib3.connection.HTTPConnection object at 0x00000158C6964160>, 'Connection to api.zb.com timed out. (connect timeout=10)'))
